mode: count
github.com/krmirandas/2022Q2GO-Bootcamp/internal/service/pokemon.go:27.57,29.2 1 5
github.com/krmirandas/2022Q2GO-Bootcamp/internal/service/pokemon.go:31.84,33.16 2 2
github.com/krmirandas/2022Q2GO-Bootcamp/internal/service/pokemon.go:37.2,37.22 1 1
github.com/krmirandas/2022Q2GO-Bootcamp/internal/service/pokemon.go:33.16,35.3 1 1
github.com/krmirandas/2022Q2GO-Bootcamp/internal/service/pokemon.go:40.82,42.16 2 2
github.com/krmirandas/2022Q2GO-Bootcamp/internal/service/pokemon.go:46.2,46.21 1 1
github.com/krmirandas/2022Q2GO-Bootcamp/internal/service/pokemon.go:42.16,44.3 1 1
github.com/krmirandas/2022Q2GO-Bootcamp/internal/service/pokemon.go:49.48,51.2 1 1
github.com/krmirandas/2022Q2GO-Bootcamp/internal/service/pokemoninfo.go:27.69,29.2 1 2
github.com/krmirandas/2022Q2GO-Bootcamp/internal/service/pokemoninfo.go:31.83,35.2 2 1
github.com/krmirandas/2022Q2GO-Bootcamp/internal/service/pokemoninfo.go:37.91,41.2 2 1
github.com/krmirandas/2022Q2GO-Bootcamp/pkg/pagination/pagination.go:39.46,40.16 1 11
github.com/krmirandas/2022Q2GO-Bootcamp/pkg/pagination/pagination.go:43.2,43.25 1 11
github.com/krmirandas/2022Q2GO-Bootcamp/pkg/pagination/pagination.go:46.2,47.16 2 11
github.com/krmirandas/2022Q2GO-Bootcamp/pkg/pagination/pagination.go:53.2,53.14 1 11
github.com/krmirandas/2022Q2GO-Bootcamp/pkg/pagination/pagination.go:57.2,62.3 1 11
github.com/krmirandas/2022Q2GO-Bootcamp/pkg/pagination/pagination.go:40.16,42.3 1 2
github.com/krmirandas/2022Q2GO-Bootcamp/pkg/pagination/pagination.go:43.25,45.3 1 1
github.com/krmirandas/2022Q2GO-Bootcamp/pkg/pagination/pagination.go:47.16,49.23 2 10
github.com/krmirandas/2022Q2GO-Bootcamp/pkg/pagination/pagination.go:49.23,51.4 1 2
github.com/krmirandas/2022Q2GO-Bootcamp/pkg/pagination/pagination.go:53.14,55.3 1 2
github.com/krmirandas/2022Q2GO-Bootcamp/pkg/pagination/pagination.go:71.63,75.2 3 0
github.com/krmirandas/2022Q2GO-Bootcamp/pkg/pagination/pagination.go:81.51,82.17 1 3
github.com/krmirandas/2022Q2GO-Bootcamp/pkg/pagination/pagination.go:85.2,85.52 1 2
github.com/krmirandas/2022Q2GO-Bootcamp/pkg/pagination/pagination.go:88.2,88.21 1 1
github.com/krmirandas/2022Q2GO-Bootcamp/pkg/pagination/pagination.go:82.17,84.3 1 1
github.com/krmirandas/2022Q2GO-Bootcamp/pkg/pagination/pagination.go:85.52,87.3 1 1
github.com/krmirandas/2022Q2GO-Bootcamp/pkg/pagination/pagination.go:96.35,98.2 1 11
github.com/krmirandas/2022Q2GO-Bootcamp/pkg/pagination/pagination.go:105.34,107.2 1 11
